# JRE version: OpenJDK Runtime Environment (8.0_152-b01) (build 1.8.0_152-release-915-b01)
# Java VM: OpenJDK 64-Bit Server VM (25.152-b01 mixed mode linux-amd64 compressed oops)
Heap:
 PSYoungGen      total 433152K, used 184755K [0x00000000e0000000, 0x00000000fd580000, 0x0000000100000000)
  eden space 424448K, 41% used [0x00000000e0000000,0x00000000eac65f60,0x00000000f9e80000)
  from space 8704K, 94% used [0x00000000fcd00000,0x00000000fd506db0,0x00000000fd580000)
  to   space 27648K, 0% used [0x00000000f9f80000,0x00000000f9f80000,0x00000000fba80000)
 ParOldGen       total 157184K, used 44966K [0x00000000a0000000, 0x00000000a9980000, 0x00000000e0000000)
  object space 157184K, 28% used [0x00000000a0000000,0x00000000a2be9858,0x00000000a9980000)
 Metaspace       used 75360K, capacity 79719K, committed 79832K, reserved 1118208K
  class space    used 9519K, capacity 10455K, committed 10496K, reserved 1048576K
GC Heap History (10 events):
Event: 18,346 GC heap before
{Heap before GC invocations=11 (full 3):
 PSYoungGen      total 375296K, used 18926K [0x00000000e0000000, 0x00000000f8b00000, 0x0000000100000000)
  eden space 356352K, 0% used [0x00000000e0000000,0x00000000e0000000,0x00000000f5c00000)
  from space 18944K, 99% used [0x00000000f7880000,0x00000000f8afbbd8,0x00000000f8b00000)
  to   space 23552K, 0% used [0x00000000f5d00000,0x00000000f5d00000,0x00000000f7400000)
 ParOldGen       total 110080K, used 26798K [0x00000000a0000000, 0x00000000a6b80000, 0x00000000e0000000)
  object space 110080K, 24% used [0x00000000a0000000,0x00000000a1a2bbb8,0x00000000a6b80000)
 Metaspace       used 56965K, capacity 58967K, committed 59028K, reserved 1099776K
  class space    used 7686K, capacity 8131K, committed 8192K, reserved 1048576K
Event: 18,470 GC heap after
Heap after GC invocations=11 (full 3):
 PSYoungGen      total 375296K, used 0K [0x00000000e0000000, 0x00000000f8b00000, 0x0000000100000000)
  eden space 356352K, 0% used [0x00000000e0000000,0x00000000e0000000,0x00000000f5c00000)
  from space 18944K, 0% used [0x00000000f7880000,0x00000000f7880000,0x00000000f8b00000)
  to   space 23552K, 0% used [0x00000000f5d00000,0x00000000f5d00000,0x00000000f7400000)
 ParOldGen       total 157184K, used 36474K [0x00000000a0000000, 0x00000000a9980000, 0x00000000e0000000)
  object space 157184K, 23% used [0x00000000a0000000,0x00000000a239e938,0x00000000a9980000)
 Metaspace       used 56965K, capacity 58967K, committed 59028K, reserved 1099776K
  class space    used 7686K, capacity 8131K, committed 8192K, reserved 1048576K
}
Event: 388,935 GC heap before
{Heap before GC invocations=12 (full 3):
 PSYoungGen      total 375296K, used 356352K [0x00000000e0000000, 0x00000000f8b00000, 0x0000000100000000)
  eden space 356352K, 100% used [0x00000000e0000000,0x00000000f5c00000,0x00000000f5c00000)
  from space 18944K, 0% used [0x00000000f7880000,0x00000000f7880000,0x00000000f8b00000)
  to   space 23552K, 0% used [0x00000000f5d00000,0x00000000f5d00000,0x00000000f7400000)
 ParOldGen       total 157184K, used 36474K [0x00000000a0000000, 0x00000000a9980000, 0x00000000e0000000)
  object space 157184K, 23% used [0x00000000a0000000,0x00000000a239e938,0x00000000a9980000)
 Metaspace       used 69621K, capacity 72175K, committed 72280K, reserved 1112064K
  class space    used 8966K, capacity 9573K, committed 9600K, reserved 1048576K
Event: 388,950 GC heap after
Heap after GC invocations=12 (full 3):
 PSYoungGen      total 380928K, used 19332K [0x00000000e0000000, 0x0000000100000000, 0x0000000100000000)
  eden space 357376K, 0% used [0x00000000e0000000,0x00000000e0000000,0x00000000f5d00000)
  from space 23552K, 82% used [0x00000000f5d00000,0x00000000f6fe1078,0x00000000f7400000)
  to   space 25600K, 0% used [0x00000000fe700000,0x00000000fe700000,0x0000000100000000)
 ParOldGen       total 157184K, used 36490K [0x00000000a0000000, 0x00000000a9980000, 0x00000000e0000000)
  object space 157184K, 23% used [0x00000000a0000000,0x00000000a23a2938,0x00000000a9980000)
 Metaspace       used 69621K, capacity 72175K, committed 72280K, reserved 1112064K
  class space    used 8966K, capacity 9573K, committed 9600K, reserved 1048576K
}
Event: 475,119 GC heap before
{Heap before GC invocations=13 (full 3):
 PSYoungGen      total 380928K, used 366275K [0x00000000e0000000, 0x0000000100000000, 0x0000000100000000)
  eden space 357376K, 97% used [0x00000000e0000000,0x00000000f52cfca0,0x00000000f5d00000)
  from space 23552K, 82% used [0x00000000f5d00000,0x00000000f6fe1078,0x00000000f7400000)
  to   space 25600K, 0% used [0x00000000fe700000,0x00000000fe700000,0x0000000100000000)
 ParOldGen       total 157184K, used 36490K [0x00000000a0000000, 0x00000000a9980000, 0x00000000e0000000)
  object space 157184K, 23% used [0x00000000a0000000,0x00000000a23a2938,0x00000000a9980000)
 Metaspace       used 72756K, capacity 75923K, committed 76120K, reserved 1116160K
  class space    used 9334K, capacity 10021K, committed 10112K, reserved 1048576K
Event: 475,134 GC heap after
Heap after GC invocations=13 (full 3):
 PSYoungGen      total 484352K, used 23834K [0x00000000e0000000, 0x00000000ffe80000, 0x0000000100000000)
  eden space 460288K, 0% used [0x00000000e0000000,0x00000000e0000000,0x00000000fc180000)
  from space 24064K, 99% used [0x00000000fe700000,0x00000000ffe46a68,0x00000000ffe80000)
  to   space 28160K, 0% used [0x00000000fc780000,0x00000000fc780000,0x00000000fe300000)
 ParOldGen       total 157184K, used 36490K [0x00000000a0000000, 0x00000000a9980000, 0x00000000e0000000)
  object space 157184K, 23% used [0x00000000a0000000,0x00000000a23a2938,0x00000000a9980000)
 Metaspace       used 72756K, capacity 75923K, committed 76120K, reserved 1116160K
  class space    used 9334K, capacity 10021K, committed 10112K, reserved 1048576K
}
Event: 4419,376 GC heap before
{Heap before GC invocations=14 (full 3):
 PSYoungGen      total 484352K, used 484122K [0x00000000e0000000, 0x00000000ffe80000, 0x0000000100000000)
  eden space 460288K, 100% used [0x00000000e0000000,0x00000000fc180000,0x00000000fc180000)
  from space 24064K, 99% used [0x00000000fe700000,0x00000000ffe46a68,0x00000000ffe80000)
  to   space 28160K, 0% used [0x00000000fc780000,0x00000000fc780000,0x00000000fe300000)
 ParOldGen       total 157184K, used 36490K [0x00000000a0000000, 0x00000000a9980000, 0x00000000e0000000)
  object space 157184K, 23% used [0x00000000a0000000,0x00000000a23a2938,0x00000000a9980000)
 Metaspace       used 74273K, capacity 77925K, committed 78040K, reserved 1118208K
  class space    used 9419K, capacity 10216K, committed 10240K, reserved 1048576K
Event: 4419,396 GC heap after
Heap after GC invocations=14 (full 3):
 PSYoungGen      total 447488K, used 5388K [0x00000000e0000000, 0x00000000fe780000, 0x0000000100000000)
  eden space 441856K, 0% used [0x00000000e0000000,0x00000000e0000000,0x00000000faf80000)
  from space 5632K, 95% used [0x00000000fc780000,0x00000000fccc33a8,0x00000000fcd00000)
  to   space 27136K, 0% used [0x00000000fcd00000,0x00000000fcd00000,0x00000000fe780000)
 ParOldGen       total 157184K, used 44958K [0x00000000a0000000, 0x00000000a9980000, 0x00000000e0000000)
  object space 157184K, 28% used [0x00000000a0000000,0x00000000a2be7858,0x00000000a9980000)
 Metaspace       used 74273K, capacity 77925K, committed 78040K, reserved 1118208K
  class space    used 9419K, capacity 10216K, committed 10240K, reserved 1048576K
}
Event: 4453,377 GC heap before
{Heap before GC invocations=15 (full 3):
 PSYoungGen      total 447488K, used 447222K [0x00000000e0000000, 0x00000000fe780000, 0x0000000100000000)
  eden space 441856K, 99% used [0x00000000e0000000,0x00000000faf7a528,0x00000000faf80000)
  from space 5632K, 95% used [0x00000000fc780000,0x00000000fccc33a8,0x00000000fcd00000)
  to   space 27136K, 0% used [0x00000000fcd00000,0x00000000fcd00000,0x00000000fe780000)
 ParOldGen       total 157184K, used 44958K [0x00000000a0000000, 0x00000000a9980000, 0x00000000e0000000)
  object space 157184K, 28% used [0x00000000a0000000,0x00000000a2be7858,0x00000000a9980000)
 Metaspace       used 74991K, capacity 79063K, committed 79192K, reserved 1118208K
  class space    used 9482K, capacity 10349K, committed 10368K, reserved 1048576K
Event: 4453,386 GC heap after
Heap after GC invocations=15 (full 3):
 PSYoungGen      total 433152K, used 8219K [0x00000000e0000000, 0x00000000fd580000, 0x0000000100000000)
  eden space 424448K, 0% used [0x00000000e0000000,0x00000000e0000000,0x00000000f9e80000)
  from space 8704K, 94% used [0x00000000fcd00000,0x00000000fd506db0,0x00000000fd580000)
  to   space 27648K, 0% used [0x00000000f9f80000,0x00000000f9f80000,0x00000000fba80000)
 ParOldGen       total 157184K, used 44966K [0x00000000a0000000, 0x00000000a9980000, 0x00000000e0000000)
  object space 157184K, 28% used [0x00000000a0000000,0x00000000a2be9858,0x00000000a9980000)
 Metaspace       used 74991K, capacity 79063K, committed 79192K, reserved 1118208K
  class space    used 9482K, capacity 10349K, committed 10368K, reserved 1048576K
}

